Determining if the pthread_create exist failed with the following output:
Change Dir: /home/allen/Documents/udacity/SFND_Lidar_Obstacle_Detection/src/quiz/ransac/build/CMakeFiles/CMakeTmp

Run Build Command:"/usr/bin/make" "cmTC_a546c/fast"
/usr/bin/make -f CMakeFiles/cmTC_a546c.dir/build.make CMakeFiles/cmTC_a546c.dir/build
make[1]: Entering directory '/home/allen/Documents/udacity/SFND_Lidar_Obstacle_Detection/src/quiz/ransac/build/CMakeFiles/CMakeTmp'
Building C object CMakeFiles/cmTC_a546c.dir/CheckSymbolExists.c.o
/usr/bin/cc    -o CMakeFiles/cmTC_a546c.dir/CheckSymbolExists.c.o   -c /home/allen/Documents/udacity/SFND_Lidar_Obstacle_Detection/src/quiz/ransac/build/CMakeFiles/CMakeTmp/CheckSymbolExists.c
Linking C executable cmTC_a546c
/usr/bin/cmake -E cmake_link_script CMakeFiles/cmTC_a546c.dir/link.txt --verbose=1
/usr/bin/cc      -rdynamic CMakeFiles/cmTC_a546c.dir/CheckSymbolExists.c.o  -o cmTC_a546c 
CMakeFiles/cmTC_a546c.dir/CheckSymbolExists.c.o: In function `main':
CheckSymbolExists.c:(.text+0x1b): undefined reference to `pthread_create'
collect2: error: ld returned 1 exit status
CMakeFiles/cmTC_a546c.dir/build.make:97: recipe for target 'cmTC_a546c' failed
make[1]: *** [cmTC_a546c] Error 1
make[1]: Leaving directory '/home/allen/Documents/udacity/SFND_Lidar_Obstacle_Detection/src/quiz/ransac/build/CMakeFiles/CMakeTmp'
Makefile:126: recipe for target 'cmTC_a546c/fast' failed
make: *** [cmTC_a546c/fast] Error 2

File /home/allen/Documents/udacity/SFND_Lidar_Obstacle_Detection/src/quiz/ransac/build/CMakeFiles/CMakeTmp/CheckSymbolExists.c:
/* */
#include <pthread.h>

int main(int argc, char** argv)
{
  (void)argv;
#ifndef pthread_create
  return ((int*)(&pthread_create))[argc];
#else
  (void)argc;
  return 0;
#endif
}

Determining if the function pthread_create exists in the pthreads failed with the following output:
Change Dir: /home/allen/Documents/udacity/SFND_Lidar_Obstacle_Detection/src/quiz/ransac/build/CMakeFiles/CMakeTmp

Run Build Command:"/usr/bin/make" "cmTC_7a6cf/fast"
/usr/bin/make -f CMakeFiles/cmTC_7a6cf.dir/build.make CMakeFiles/cmTC_7a6cf.dir/build
make[1]: Entering directory '/home/allen/Documents/udacity/SFND_Lidar_Obstacle_Detection/src/quiz/ransac/build/CMakeFiles/CMakeTmp'
Building C object CMakeFiles/cmTC_7a6cf.dir/CheckFunctionExists.c.o
/usr/bin/cc   -DCHECK_FUNCTION_EXISTS=pthread_create   -o CMakeFiles/cmTC_7a6cf.dir/CheckFunctionExists.c.o   -c /usr/share/cmake-3.10/Modules/CheckFunctionExists.c
Linking C executable cmTC_7a6cf
/usr/bin/cmake -E cmake_link_script CMakeFiles/cmTC_7a6cf.dir/link.txt --verbose=1
/usr/bin/cc  -DCHECK_FUNCTION_EXISTS=pthread_create    -rdynamic CMakeFiles/cmTC_7a6cf.dir/CheckFunctionExists.c.o  -o cmTC_7a6cf -lpthreads 
/usr/bin/ld: cannot find -lpthreads
collect2: error: ld returned 1 exit status
CMakeFiles/cmTC_7a6cf.dir/build.make:97: recipe for target 'cmTC_7a6cf' failed
make[1]: *** [cmTC_7a6cf] Error 1
make[1]: Leaving directory '/home/allen/Documents/udacity/SFND_Lidar_Obstacle_Detection/src/quiz/ransac/build/CMakeFiles/CMakeTmp'
Makefile:126: recipe for target 'cmTC_7a6cf/fast' failed
make: *** [cmTC_7a6cf/fast] Error 2


